Started GET "/" for ::1 at 2021-04-05 09:49:18 +0200
Processing by Rails::WelcomeController#index as HTML
  Rendering /Library/Ruby/Gems/2.6.0/gems/railties-6.1.3.1/lib/rails/templates/rails/welcome/index.html.erb
  Rendered /Library/Ruby/Gems/2.6.0/gems/railties-6.1.3.1/lib/rails/templates/rails/welcome/index.html.erb (Duration: 8.8ms | Allocations: 478)
Completed 200 OK in 31ms (Views: 15.2ms | ActiveRecord: 0.0ms | Allocations: 4130)


Started GET "/favicon.ico" for ::1 at 2021-04-05 09:49:18 +0200
  
ActionController::RoutingError (No route matches [GET] "/favicon.ico"):
  
Started GET "/" for ::1 at 2021-04-05 09:53:37 +0200
Processing by Rails::WelcomeController#index as HTML
  Rendering /Library/Ruby/Gems/2.6.0/gems/railties-6.1.3.1/lib/rails/templates/rails/welcome/index.html.erb
  Rendered /Library/Ruby/Gems/2.6.0/gems/railties-6.1.3.1/lib/rails/templates/rails/welcome/index.html.erb (Duration: 10.2ms | Allocations: 191)
Completed 200 OK in 15ms (Views: 13.2ms | ActiveRecord: 0.0ms | Allocations: 840)


Started GET "/" for ::1 at 2021-04-05 09:53:39 +0200
Processing by Rails::WelcomeController#index as HTML
  Rendering /Library/Ruby/Gems/2.6.0/gems/railties-6.1.3.1/lib/rails/templates/rails/welcome/index.html.erb
  Rendered /Library/Ruby/Gems/2.6.0/gems/railties-6.1.3.1/lib/rails/templates/rails/welcome/index.html.erb (Duration: 0.3ms | Allocations: 7)
Completed 200 OK in 2ms (Views: 1.2ms | ActiveRecord: 0.0ms | Allocations: 226)


Started GET "/favicon.ico" for ::1 at 2021-04-05 09:53:39 +0200
  
ActionController::RoutingError (No route matches [GET] "/favicon.ico"):
  
Started GET "/" for ::1 at 2021-04-05 09:54:21 +0200
Processing by HealthController#index as HTML
Completed 500 Internal Server Error in 0ms (ActiveRecord: 0.0ms | Allocations: 123)


  
ArgumentError (too few arguments):
  
app/controllers/health_controller.rb:3:in `format'
app/controllers/health_controller.rb:3:in `index'
Started GET "/" for ::1 at 2021-04-05 09:55:38 +0200
Processing by HealthController#index as HTML
Completed 500 Internal Server Error in 0ms (ActiveRecord: 0.0ms | Allocations: 100)


  
ArgumentError (too few arguments):
  
app/controllers/health_controller.rb:3:in `format'
app/controllers/health_controller.rb:3:in `index'
Started GET "/" for ::1 at 2021-04-05 09:57:13 +0200
Processing by HealthController#index as HTML
Completed 500 Internal Server Error in 0ms (ActiveRecord: 0.0ms | Allocations: 99)


  
ArgumentError (wrong number of arguments (given 0, expected 1..2)):
  
app/controllers/health_controller.rb:3:in `respond_to?'
app/controllers/health_controller.rb:3:in `index'
Started GET "/" for ::1 at 2021-04-05 09:57:14 +0200
Processing by HealthController#index as HTML
Completed 500 Internal Server Error in 0ms (ActiveRecord: 0.0ms | Allocations: 86)


  
ArgumentError (wrong number of arguments (given 0, expected 1..2)):
  
app/controllers/health_controller.rb:3:in `respond_to?'
app/controllers/health_controller.rb:3:in `index'
Started GET "/" for ::1 at 2021-04-05 09:57:15 +0200
Processing by HealthController#index as HTML
Completed 500 Internal Server Error in 1ms (ActiveRecord: 0.0ms | Allocations: 86)


  
ArgumentError (wrong number of arguments (given 0, expected 1..2)):
  
app/controllers/health_controller.rb:3:in `respond_to?'
app/controllers/health_controller.rb:3:in `index'
Started GET "/" for ::1 at 2021-04-05 09:57:15 +0200
Processing by HealthController#index as HTML
Completed 500 Internal Server Error in 0ms (ActiveRecord: 0.0ms | Allocations: 86)


  
ArgumentError (wrong number of arguments (given 0, expected 1..2)):
  
app/controllers/health_controller.rb:3:in `respond_to?'
app/controllers/health_controller.rb:3:in `index'
Started GET "/" for ::1 at 2021-04-05 09:57:15 +0200
Processing by HealthController#index as HTML
Completed 500 Internal Server Error in 0ms (ActiveRecord: 0.0ms | Allocations: 86)


  
ArgumentError (wrong number of arguments (given 0, expected 1..2)):
  
app/controllers/health_controller.rb:3:in `respond_to?'
app/controllers/health_controller.rb:3:in `index'
Started GET "/" for ::1 at 2021-04-05 09:57:15 +0200
Processing by HealthController#index as HTML
Completed 500 Internal Server Error in 1ms (ActiveRecord: 0.0ms | Allocations: 86)


  
ArgumentError (wrong number of arguments (given 0, expected 1..2)):
  
app/controllers/health_controller.rb:3:in `respond_to?'
app/controllers/health_controller.rb:3:in `index'
Started GET "/" for ::1 at 2021-04-05 09:57:15 +0200
Processing by HealthController#index as HTML
Completed 500 Internal Server Error in 0ms (ActiveRecord: 0.0ms | Allocations: 86)


  
ArgumentError (wrong number of arguments (given 0, expected 1..2)):
  
app/controllers/health_controller.rb:3:in `respond_to?'
app/controllers/health_controller.rb:3:in `index'
Started GET "/" for ::1 at 2021-04-05 09:57:16 +0200
Processing by HealthController#index as HTML
Completed 500 Internal Server Error in 0ms (ActiveRecord: 0.0ms | Allocations: 86)


  
ArgumentError (wrong number of arguments (given 0, expected 1..2)):
  
app/controllers/health_controller.rb:3:in `respond_to?'
app/controllers/health_controller.rb:3:in `index'
Started GET "/" for ::1 at 2021-04-05 09:57:37 +0200
Processing by HealthController#index as HTML
Completed 500 Internal Server Error in 5ms (ActiveRecord: 0.0ms | Allocations: 1486)


  
NoMethodError (undefined method `respond_to' for #<HealthController:0x007fe8a706e478>
Did you mean?  respond_to?):
  
app/controllers/health_controller.rb:3:in `index'
Started GET "/" for ::1 at 2021-04-05 09:57:38 +0200
Processing by HealthController#index as HTML
Completed 500 Internal Server Error in 4ms (ActiveRecord: 0.0ms | Allocations: 1464)


  
NoMethodError (undefined method `respond_to' for #<HealthController:0x007fe8a706fc60>
Did you mean?  respond_to?):
  
app/controllers/health_controller.rb:3:in `index'
Started GET "/" for ::1 at 2021-04-05 09:57:39 +0200
Processing by HealthController#index as HTML
Completed 500 Internal Server Error in 4ms (ActiveRecord: 0.0ms | Allocations: 1464)


  
NoMethodError (undefined method `respond_to' for #<HealthController:0x007fe8a706ce98>
Did you mean?  respond_to?):
  
app/controllers/health_controller.rb:3:in `index'
Started GET "/" for ::1 at 2021-04-05 09:57:39 +0200
Processing by HealthController#index as HTML
Completed 500 Internal Server Error in 4ms (ActiveRecord: 0.0ms | Allocations: 1463)


  
NoMethodError (undefined method `respond_to' for #<HealthController:0x007fe89fb57950>
Did you mean?  respond_to?):
  
app/controllers/health_controller.rb:3:in `index'
Started GET "/" for ::1 at 2021-04-05 09:57:39 +0200
Processing by HealthController#index as HTML
Completed 500 Internal Server Error in 5ms (ActiveRecord: 0.0ms | Allocations: 1463)


  
NoMethodError (undefined method `respond_to' for #<HealthController:0x007fe8a7079b48>
Did you mean?  respond_to?):
  
app/controllers/health_controller.rb:3:in `index'
Started GET "/" for ::1 at 2021-04-05 09:57:39 +0200
Processing by HealthController#index as HTML
Completed 500 Internal Server Error in 7ms (ActiveRecord: 0.0ms | Allocations: 1463)


  
NoMethodError (undefined method `respond_to' for #<HealthController:0x007fe89cd1d508>
Did you mean?  respond_to?):
  
app/controllers/health_controller.rb:3:in `index'
Started GET "/" for ::1 at 2021-04-05 09:57:40 +0200
Processing by HealthController#index as HTML
Completed 500 Internal Server Error in 6ms (ActiveRecord: 0.0ms | Allocations: 1463)


  
NoMethodError (undefined method `respond_to' for #<HealthController:0x007fe8a039f400>
Did you mean?  respond_to?):
  
app/controllers/health_controller.rb:3:in `index'
Started GET "/" for ::1 at 2021-04-05 09:57:40 +0200
Processing by HealthController#index as HTML
Completed 500 Internal Server Error in 5ms (ActiveRecord: 0.0ms | Allocations: 1463)


  
NoMethodError (undefined method `respond_to' for #<HealthController:0x007fe8a03a2830>
Did you mean?  respond_to?):
  
app/controllers/health_controller.rb:3:in `index'
Started GET "/" for ::1 at 2021-04-05 09:57:40 +0200
Processing by HealthController#index as HTML
Completed 500 Internal Server Error in 8ms (ActiveRecord: 0.0ms | Allocations: 1463)


  
NoMethodError (undefined method `respond_to' for #<HealthController:0x007fe89fb78cb8>
Did you mean?  respond_to?):
  
app/controllers/health_controller.rb:3:in `index'
Started GET "/" for ::1 at 2021-04-05 09:57:40 +0200
Processing by HealthController#index as HTML
Completed 500 Internal Server Error in 6ms (ActiveRecord: 0.0ms | Allocations: 1463)


  
NoMethodError (undefined method `respond_to' for #<HealthController:0x007fe89fb89090>
Did you mean?  respond_to?):
  
app/controllers/health_controller.rb:3:in `index'
Started GET "/" for ::1 at 2021-04-05 09:57:40 +0200
Processing by HealthController#index as HTML
Completed 500 Internal Server Error in 8ms (ActiveRecord: 0.0ms | Allocations: 1463)


  
NoMethodError (undefined method `respond_to' for #<HealthController:0x007fe89fbab258>
Did you mean?  respond_to?):
  
app/controllers/health_controller.rb:3:in `index'
Started GET "/" for ::1 at 2021-04-05 09:57:40 +0200
Processing by HealthController#index as HTML
Completed 500 Internal Server Error in 9ms (ActiveRecord: 0.0ms | Allocations: 1463)


  
NoMethodError (undefined method `respond_to' for #<HealthController:0x007fe8a708d8c8>
Did you mean?  respond_to?):
  
app/controllers/health_controller.rb:3:in `index'
Started GET "/" for ::1 at 2021-04-05 09:57:41 +0200
Processing by HealthController#index as HTML
Completed 500 Internal Server Error in 18ms (ActiveRecord: 0.0ms | Allocations: 1464)


  
NoMethodError (undefined method `respond_to' for #<HealthController:0x007fe89cd63288>
Did you mean?  respond_to?):
  
app/controllers/health_controller.rb:3:in `index'
Started GET "/" for ::1 at 2021-04-05 09:57:41 +0200
Processing by HealthController#index as HTML
Completed 500 Internal Server Error in 5ms (ActiveRecord: 0.0ms | Allocations: 1463)


  
NoMethodError (undefined method `respond_to' for #<HealthController:0x007fe89ca44480>
Did you mean?  respond_to?):
  
app/controllers/health_controller.rb:3:in `index'
Started GET "/" for ::1 at 2021-04-05 09:58:34 +0200
  
NameError (uninitialized constant ApplicationController::API):
  
app/controllers/health_controller.rb:1:in `<main>'
Started GET "/" for ::1 at 2021-04-05 09:58:35 +0200
  
NameError (uninitialized constant ApplicationController::API):
  
app/controllers/health_controller.rb:1:in `<main>'
Started GET "/" for ::1 at 2021-04-05 09:58:35 +0200
  
NameError (uninitialized constant ApplicationController::API):
  
app/controllers/health_controller.rb:1:in `<main>'
Started GET "/" for ::1 at 2021-04-05 09:58:36 +0200
  
NameError (uninitialized constant ApplicationController::API):
  
app/controllers/health_controller.rb:1:in `<main>'
Started GET "/" for ::1 at 2021-04-05 09:58:36 +0200
  
NameError (uninitialized constant ApplicationController::API):
  
app/controllers/health_controller.rb:1:in `<main>'
Started GET "/" for ::1 at 2021-04-05 09:58:36 +0200
  
NameError (uninitialized constant ApplicationController::API):
  
app/controllers/health_controller.rb:1:in `<main>'
Started GET "/" for ::1 at 2021-04-05 09:58:37 +0200
  
NameError (uninitialized constant ApplicationController::API):
  
app/controllers/health_controller.rb:1:in `<main>'
Started GET "/" for ::1 at 2021-04-05 09:58:37 +0200
  
NameError (uninitialized constant ApplicationController::API):
  
app/controllers/health_controller.rb:1:in `<main>'
Started GET "/" for ::1 at 2021-04-05 09:58:37 +0200
  
NameError (uninitialized constant ApplicationController::API):
  
app/controllers/health_controller.rb:1:in `<main>'
Started GET "/" for ::1 at 2021-04-05 09:58:38 +0200
  
NameError (uninitialized constant ApplicationController::API):
  
app/controllers/health_controller.rb:1:in `<main>'
Started GET "/" for ::1 at 2021-04-05 09:58:38 +0200
  
NameError (uninitialized constant ApplicationController::API):
  
app/controllers/health_controller.rb:1:in `<main>'
Started GET "/" for ::1 at 2021-04-05 09:58:38 +0200
  
NameError (uninitialized constant ApplicationController::API):
  
app/controllers/health_controller.rb:1:in `<main>'
Started GET "/" for ::1 at 2021-04-05 09:58:38 +0200
  
NameError (uninitialized constant ApplicationController::API):
  
app/controllers/health_controller.rb:1:in `<main>'
Started GET "/" for ::1 at 2021-04-05 09:58:39 +0200
  
NameError (uninitialized constant ApplicationController::API):
  
app/controllers/health_controller.rb:1:in `<main>'
Started GET "/" for ::1 at 2021-04-05 09:59:07 +0200
Processing by HealthController#index as HTML
Completed 406 Not Acceptable in 0ms (ActiveRecord: 0.0ms | Allocations: 125)


  
ActionController::UnknownFormat (ActionController::UnknownFormat):
  
app/controllers/health_controller.rb:4:in `index'
Started GET "/" for ::1 at 2021-04-05 09:59:08 +0200
Processing by HealthController#index as HTML
Completed 406 Not Acceptable in 0ms (ActiveRecord: 0.0ms | Allocations: 107)


  
ActionController::UnknownFormat (ActionController::UnknownFormat):
  
app/controllers/health_controller.rb:4:in `index'
Started GET "/" for ::1 at 2021-04-05 09:59:09 +0200
Processing by HealthController#index as HTML
Completed 406 Not Acceptable in 0ms (ActiveRecord: 0.0ms | Allocations: 109)


  
ActionController::UnknownFormat (ActionController::UnknownFormat):
  
app/controllers/health_controller.rb:4:in `index'
Started GET "/" for ::1 at 2021-04-05 09:59:09 +0200
Processing by HealthController#index as HTML
Completed 406 Not Acceptable in 0ms (ActiveRecord: 0.0ms | Allocations: 107)


  
ActionController::UnknownFormat (ActionController::UnknownFormat):
  
app/controllers/health_controller.rb:4:in `index'
Started GET "/" for ::1 at 2021-04-05 09:59:10 +0200
Processing by HealthController#index as HTML
Completed 406 Not Acceptable in 0ms (ActiveRecord: 0.0ms | Allocations: 103)


  
ActionController::UnknownFormat (ActionController::UnknownFormat):
  
app/controllers/health_controller.rb:4:in `index'
Started GET "/" for ::1 at 2021-04-05 09:59:10 +0200
Processing by HealthController#index as HTML
Completed 406 Not Acceptable in 0ms (ActiveRecord: 0.0ms | Allocations: 106)


  
ActionController::UnknownFormat (ActionController::UnknownFormat):
  
app/controllers/health_controller.rb:4:in `index'
Started GET "/" for ::1 at 2021-04-05 09:59:10 +0200
Processing by HealthController#index as HTML
Completed 406 Not Acceptable in 0ms (ActiveRecord: 0.0ms | Allocations: 106)


  
ActionController::UnknownFormat (ActionController::UnknownFormat):
  
app/controllers/health_controller.rb:4:in `index'
Started GET "/" for ::1 at 2021-04-05 09:59:10 +0200
Processing by HealthController#index as HTML
Completed 406 Not Acceptable in 0ms (ActiveRecord: 0.0ms | Allocations: 106)


  
ActionController::UnknownFormat (ActionController::UnknownFormat):
  
app/controllers/health_controller.rb:4:in `index'
Started GET "/" for ::1 at 2021-04-05 09:59:11 +0200
Processing by HealthController#index as HTML
Completed 406 Not Acceptable in 1ms (ActiveRecord: 0.0ms | Allocations: 106)


  
ActionController::UnknownFormat (ActionController::UnknownFormat):
  
app/controllers/health_controller.rb:4:in `index'
Started GET "/" for ::1 at 2021-04-05 09:59:11 +0200
Processing by HealthController#index as HTML
Completed 406 Not Acceptable in 1ms (ActiveRecord: 0.0ms | Allocations: 106)


  
ActionController::UnknownFormat (ActionController::UnknownFormat):
  
app/controllers/health_controller.rb:4:in `index'
Started GET "/" for ::1 at 2021-04-05 09:59:11 +0200
Processing by HealthController#index as HTML
Completed 406 Not Acceptable in 1ms (ActiveRecord: 0.0ms | Allocations: 106)


  
ActionController::UnknownFormat (ActionController::UnknownFormat):
  
app/controllers/health_controller.rb:4:in `index'
Started GET "/" for ::1 at 2021-04-05 09:59:11 +0200
Processing by HealthController#index as HTML
Completed 406 Not Acceptable in 0ms (ActiveRecord: 0.0ms | Allocations: 106)


  
ActionController::UnknownFormat (ActionController::UnknownFormat):
  
app/controllers/health_controller.rb:4:in `index'
Started GET "/" for ::1 at 2021-04-05 09:59:11 +0200
Processing by HealthController#index as HTML
Completed 406 Not Acceptable in 0ms (ActiveRecord: 0.0ms | Allocations: 106)


  
ActionController::UnknownFormat (ActionController::UnknownFormat):
  
app/controllers/health_controller.rb:4:in `index'
Started GET "/" for ::1 at 2021-04-05 09:59:12 +0200
Processing by HealthController#index as HTML
Completed 406 Not Acceptable in 0ms (ActiveRecord: 0.0ms | Allocations: 102)


  
ActionController::UnknownFormat (ActionController::UnknownFormat):
  
app/controllers/health_controller.rb:4:in `index'
Started GET "/" for ::1 at 2021-04-05 09:59:12 +0200
Processing by HealthController#index as HTML
Completed 406 Not Acceptable in 1ms (ActiveRecord: 0.0ms | Allocations: 106)


  
ActionController::UnknownFormat (ActionController::UnknownFormat):
  
app/controllers/health_controller.rb:4:in `index'
Started GET "/" for ::1 at 2021-04-05 10:00:58 +0200
Processing by HealthController#index as HTML
Completed 204 No Content in 0ms (ActiveRecord: 0.0ms | Allocations: 53)


Started GET "/" for ::1 at 2021-04-05 10:00:59 +0200
Processing by HealthController#index as HTML
Completed 204 No Content in 0ms (ActiveRecord: 0.0ms | Allocations: 35)


Started GET "/" for ::1 at 2021-04-05 10:00:59 +0200
Processing by HealthController#index as HTML
Completed 204 No Content in 0ms (ActiveRecord: 0.0ms | Allocations: 35)


Started GET "/" for ::1 at 2021-04-05 10:00:59 +0200
Processing by HealthController#index as HTML
Completed 204 No Content in 0ms (ActiveRecord: 0.0ms | Allocations: 35)


Started GET "/" for ::1 at 2021-04-05 10:00:59 +0200
Processing by HealthController#index as HTML
Completed 204 No Content in 0ms (ActiveRecord: 0.0ms | Allocations: 35)


Started GET "/" for ::1 at 2021-04-05 10:01:00 +0200
Processing by HealthController#index as HTML
Completed 204 No Content in 0ms (ActiveRecord: 0.0ms | Allocations: 35)


Started GET "/" for ::1 at 2021-04-05 10:01:06 +0200
Processing by HealthController#index as HTML
Completed 204 No Content in 4ms (ActiveRecord: 0.0ms | Allocations: 2215)


Started GET "/" for ::1 at 2021-04-05 10:01:07 +0200
Processing by HealthController#index as HTML
Completed 204 No Content in 0ms (ActiveRecord: 0.0ms | Allocations: 38)


Started GET "/" for ::1 at 2021-04-05 10:01:07 +0200
Processing by HealthController#index as HTML
Completed 204 No Content in 0ms (ActiveRecord: 0.0ms | Allocations: 38)


Started GET "/" for ::1 at 2021-04-05 10:01:07 +0200
Processing by HealthController#index as HTML
Completed 204 No Content in 0ms (ActiveRecord: 0.0ms | Allocations: 38)


Started GET "/" for ::1 at 2021-04-05 10:01:08 +0200
Processing by HealthController#index as HTML
Completed 204 No Content in 0ms (ActiveRecord: 0.0ms | Allocations: 38)


Started GET "/" for ::1 at 2021-04-05 10:01:08 +0200
Processing by HealthController#index as HTML
Completed 204 No Content in 0ms (ActiveRecord: 0.0ms | Allocations: 35)


Started GET "/" for ::1 at 2021-04-05 10:01:13 +0200
Processing by HealthController#index as HTML
Completed 204 No Content in 0ms (ActiveRecord: 0.0ms | Allocations: 35)


Started GET "/" for ::1 at 2021-04-05 10:01:13 +0200
Processing by HealthController#index as HTML
Completed 204 No Content in 0ms (ActiveRecord: 0.0ms | Allocations: 35)


Started GET "/" for ::1 at 2021-04-05 10:01:14 +0200
Processing by HealthController#index as HTML
Completed 204 No Content in 0ms (ActiveRecord: 0.0ms | Allocations: 35)


Started GET "/" for ::1 at 2021-04-05 10:01:14 +0200
Processing by HealthController#index as HTML
Completed 204 No Content in 0ms (ActiveRecord: 0.0ms | Allocations: 35)


Started GET "/" for ::1 at 2021-04-05 10:01:14 +0200
Processing by HealthController#index as HTML
Completed 204 No Content in 0ms (ActiveRecord: 0.0ms | Allocations: 35)


Started GET "/" for ::1 at 2021-04-05 10:01:14 +0200
Processing by HealthController#index as HTML
Completed 204 No Content in 0ms (ActiveRecord: 0.0ms | Allocations: 35)


Started GET "/" for ::1 at 2021-04-05 10:01:14 +0200
Processing by HealthController#index as HTML
Completed 204 No Content in 0ms (ActiveRecord: 0.0ms | Allocations: 35)


Started GET "/" for ::1 at 2021-04-05 10:01:14 +0200
Processing by HealthController#index as HTML
Completed 204 No Content in 0ms (ActiveRecord: 0.0ms | Allocations: 35)


Started GET "/" for ::1 at 2021-04-05 10:01:14 +0200
Processing by HealthController#index as HTML
Completed 204 No Content in 0ms (ActiveRecord: 0.0ms | Allocations: 35)


Started GET "/" for ::1 at 2021-04-05 10:01:15 +0200
Processing by HealthController#index as HTML
Completed 204 No Content in 0ms (ActiveRecord: 0.0ms | Allocations: 35)


Started GET "/" for ::1 at 2021-04-05 10:01:15 +0200
Processing by HealthController#index as HTML
Completed 204 No Content in 0ms (ActiveRecord: 0.0ms | Allocations: 35)


Started GET "/" for ::1 at 2021-04-05 10:01:15 +0200
Processing by HealthController#index as HTML
Completed 204 No Content in 0ms (ActiveRecord: 0.0ms | Allocations: 35)


Started GET "/" for ::1 at 2021-04-05 10:01:15 +0200
Processing by HealthController#index as HTML
Completed 204 No Content in 0ms (ActiveRecord: 0.0ms | Allocations: 35)


Started GET "/" for ::1 at 2021-04-05 10:01:15 +0200
Processing by HealthController#index as HTML
Completed 204 No Content in 0ms (ActiveRecord: 0.0ms | Allocations: 35)


Started GET "/" for ::1 at 2021-04-05 10:01:15 +0200
Processing by HealthController#index as HTML
Completed 204 No Content in 0ms (ActiveRecord: 0.0ms | Allocations: 35)


Started GET "/" for ::1 at 2021-04-05 10:01:15 +0200
Processing by HealthController#index as HTML
Completed 204 No Content in 0ms (ActiveRecord: 0.0ms | Allocations: 35)


Started GET "/" for ::1 at 2021-04-05 10:01:15 +0200
Processing by HealthController#index as HTML
Completed 204 No Content in 0ms (ActiveRecord: 0.0ms | Allocations: 35)


Started GET "/" for ::1 at 2021-04-05 10:03:28 +0200
  
NameError (uninitialized constant ApplicationController::API):
  
app/controllers/health_controller.rb:1:in `<main>'
Started GET "/favicon.ico" for ::1 at 2021-04-05 10:03:28 +0200
  
ActionController::RoutingError (No route matches [GET] "/favicon.ico"):
  
Started GET "/" for ::1 at 2021-04-05 10:03:37 +0200
Processing by HealthController#index as HTML
Completed 200 OK in 1ms (Views: 0.2ms | ActiveRecord: 0.0ms | Allocations: 129)


Started GET "/" for ::1 at 2021-04-05 10:03:42 +0200
Processing by HealthController#index as HTML
Completed 200 OK in 0ms (Views: 0.2ms | ActiveRecord: 0.0ms | Allocations: 64)


Started GET "/favicon.ico" for ::1 at 2021-04-05 10:03:42 +0200
  
ActionController::RoutingError (No route matches [GET] "/favicon.ico"):
  
Started GET "/" for ::1 at 2021-04-05 10:03:42 +0200
Processing by HealthController#index as HTML
Completed 200 OK in 0ms (Views: 0.1ms | ActiveRecord: 0.0ms | Allocations: 64)


Started GET "/favicon.ico" for ::1 at 2021-04-05 10:03:42 +0200
  
ActionController::RoutingError (No route matches [GET] "/favicon.ico"):
  
Started GET "/" for ::1 at 2021-04-05 10:03:42 +0200
Processing by HealthController#index as HTML
Completed 200 OK in 0ms (Views: 0.1ms | ActiveRecord: 0.0ms | Allocations: 64)


Started GET "/favicon.ico" for ::1 at 2021-04-05 10:03:42 +0200
  
ActionController::RoutingError (No route matches [GET] "/favicon.ico"):
  
Started GET "/" for ::1 at 2021-04-05 10:03:42 +0200
Processing by HealthController#index as HTML
Completed 200 OK in 0ms (Views: 0.1ms | ActiveRecord: 0.0ms | Allocations: 65)


Started GET "/favicon.ico" for ::1 at 2021-04-05 10:03:42 +0200
  
ActionController::RoutingError (No route matches [GET] "/favicon.ico"):
  
Started GET "/" for ::1 at 2021-04-05 10:03:58 +0200
Processing by HealthController#index as HTML
Completed 200 OK in 0ms (Views: 0.1ms | ActiveRecord: 0.0ms | Allocations: 83)


Started GET "/" for ::1 at 2021-04-05 10:03:59 +0200
Processing by HealthController#index as HTML
Completed 200 OK in 0ms (Views: 0.1ms | ActiveRecord: 0.0ms | Allocations: 64)


Started GET "/" for ::1 at 2021-04-05 10:03:59 +0200
Processing by HealthController#index as HTML
Completed 200 OK in 0ms (Views: 0.1ms | ActiveRecord: 0.0ms | Allocations: 64)


Started GET "/" for ::1 at 2021-04-05 10:03:59 +0200
Processing by HealthController#index as HTML
Completed 200 OK in 0ms (Views: 0.1ms | ActiveRecord: 0.0ms | Allocations: 64)


Started GET "/" for ::1 at 2021-04-05 10:03:59 +0200
Processing by HealthController#index as HTML
Completed 200 OK in 0ms (Views: 0.1ms | ActiveRecord: 0.0ms | Allocations: 64)


Started GET "/" for ::1 at 2021-04-05 10:06:36 +0200
Processing by HealthController#index as HTML
Completed 200 OK in 0ms (Views: 0.1ms | ActiveRecord: 0.0ms | Allocations: 64)


Started GET "/favicon.ico" for ::1 at 2021-04-05 10:06:37 +0200
  
ActionController::RoutingError (No route matches [GET] "/favicon.ico"):
  
Started GET "/" for ::1 at 2021-04-05 10:06:37 +0200
Processing by HealthController#index as HTML
Completed 200 OK in 0ms (Views: 0.1ms | ActiveRecord: 0.0ms | Allocations: 64)


Started GET "/favicon.ico" for ::1 at 2021-04-05 10:06:37 +0200
  
ActionController::RoutingError (No route matches [GET] "/favicon.ico"):
  
Started GET "/" for ::1 at 2021-04-05 10:06:37 +0200
Processing by HealthController#index as HTML
Completed 200 OK in 0ms (Views: 0.1ms | ActiveRecord: 0.0ms | Allocations: 64)


Started GET "/favicon.ico" for ::1 at 2021-04-05 10:06:37 +0200
  
ActionController::RoutingError (No route matches [GET] "/favicon.ico"):
  
Started GET "/" for ::1 at 2021-04-05 10:06:37 +0200
Processing by HealthController#index as HTML
Completed 200 OK in 0ms (Views: 0.1ms | ActiveRecord: 0.0ms | Allocations: 64)


Started GET "/favicon.ico" for ::1 at 2021-04-05 10:06:37 +0200
  
ActionController::RoutingError (No route matches [GET] "/favicon.ico"):
  
Started GET "/" for ::1 at 2021-04-05 10:07:34 +0200
Processing by HealthController#index as */*
Completed 200 OK in 0ms (Views: 0.1ms | ActiveRecord: 0.0ms | Allocations: 69)


